"C:\Program Files\Java\jdk-11.0.16.1\bin\java.exe" "-javaagent:D:\software\IntelliJ IDEA Community Edition 2021.3.1\lib\idea_rt.jar=60128:D:\software\IntelliJ IDEA Community Edition 2021.3.1\bin" -Dfile.encoding=UTF-8 -classpath D:\project\azure-messaging-test\azure-servicebus-test\target\classes;C:\Users\liuku\.m2\repository\com\azure\azure-messaging-servicebus\7.14.0-beta.1\azure-messaging-servicebus-7.14.0-beta.1.jar;C:\Users\liuku\.m2\repository\com\azure\azure-core\1.36.0\azure-core-1.36.0.jar;C:\Users\liuku\.m2\repository\com\fasterxml\jackson\core\jackson-annotations\2.13.4\jackson-annotations-2.13.4.jar;C:\Users\liuku\.m2\repository\com\fasterxml\jackson\core\jackson-core\2.13.4\jackson-core-2.13.4.jar;C:\Users\liuku\.m2\repository\com\fasterxml\jackson\core\jackson-databind\2.13.4.2\jackson-databind-2.13.4.2.jar;C:\Users\liuku\.m2\repository\com\fasterxml\jackson\datatype\jackson-datatype-jsr310\2.13.4\jackson-datatype-jsr310-2.13.4.jar;C:\Users\liuku\.m2\repository\io\projectreactor\reactor-core\3.4.26\reactor-core-3.4.26.jar;C:\Users\liuku\.m2\repository\org\reactivestreams\reactive-streams\1.0.4\reactive-streams-1.0.4.jar;C:\Users\liuku\.m2\repository\com\azure\azure-core-http-netty\1.13.0\azure-core-http-netty-1.13.0.jar;C:\Users\liuku\.m2\repository\io\netty\netty-handler\4.1.87.Final\netty-handler-4.1.87.Final.jar;C:\Users\liuku\.m2\repository\io\netty\netty-common\4.1.87.Final\netty-common-4.1.87.Final.jar;C:\Users\liuku\.m2\repository\io\netty\netty-resolver\4.1.87.Final\netty-resolver-4.1.87.Final.jar;C:\Users\liuku\.m2\repository\io\netty\netty-transport\4.1.87.Final\netty-transport-4.1.87.Final.jar;C:\Users\liuku\.m2\repository\io\netty\netty-handler-proxy\4.1.87.Final\netty-handler-proxy-4.1.87.Final.jar;C:\Users\liuku\.m2\repository\io\netty\netty-codec-socks\4.1.87.Final\netty-codec-socks-4.1.87.Final.jar;C:\Users\liuku\.m2\repository\io\netty\netty-buffer\4.1.87.Final\netty-buffer-4.1.87.Final.jar;C:\Users\liuku\.m2\repository\io\netty\netty-codec\4.1.87.Final\netty-codec-4.1.87.Final.jar;C:\Users\liuku\.m2\repository\io\netty\netty-codec-http\4.1.87.Final\netty-codec-http-4.1.87.Final.jar;C:\Users\liuku\.m2\repository\io\netty\netty-codec-http2\4.1.87.Final\netty-codec-http2-4.1.87.Final.jar;C:\Users\liuku\.m2\repository\io\netty\netty-transport-native-unix-common\4.1.87.Final\netty-transport-native-unix-common-4.1.87.Final.jar;C:\Users\liuku\.m2\repository\io\netty\netty-transport-native-epoll\4.1.87.Final\netty-transport-native-epoll-4.1.87.Final-linux-x86_64.jar;C:\Users\liuku\.m2\repository\io\netty\netty-transport-classes-epoll\4.1.87.Final\netty-transport-classes-epoll-4.1.87.Final.jar;C:\Users\liuku\.m2\repository\io\netty\netty-transport-native-kqueue\4.1.87.Final\netty-transport-native-kqueue-4.1.87.Final-osx-x86_64.jar;C:\Users\liuku\.m2\repository\io\netty\netty-transport-classes-kqueue\4.1.87.Final\netty-transport-classes-kqueue-4.1.87.Final.jar;C:\Users\liuku\.m2\repository\io\netty\netty-tcnative-boringssl-static\2.0.56.Final\netty-tcnative-boringssl-static-2.0.56.Final.jar;C:\Users\liuku\.m2\repository\io\netty\netty-tcnative-classes\2.0.56.Final\netty-tcnative-classes-2.0.56.Final.jar;C:\Users\liuku\.m2\repository\io\netty\netty-tcnative-boringssl-static\2.0.56.Final\netty-tcnative-boringssl-static-2.0.56.Final-linux-x86_64.jar;C:\Users\liuku\.m2\repository\io\netty\netty-tcnative-boringssl-static\2.0.56.Final\netty-tcnative-boringssl-static-2.0.56.Final-linux-aarch_64.jar;C:\Users\liuku\.m2\repository\io\netty\netty-tcnative-boringssl-static\2.0.56.Final\netty-tcnative-boringssl-static-2.0.56.Final-osx-x86_64.jar;C:\Users\liuku\.m2\repository\io\netty\netty-tcnative-boringssl-static\2.0.56.Final\netty-tcnative-boringssl-static-2.0.56.Final-osx-aarch_64.jar;C:\Users\liuku\.m2\repository\io\netty\netty-tcnative-boringssl-static\2.0.56.Final\netty-tcnative-boringssl-static-2.0.56.Final-windows-x86_64.jar;C:\Users\liuku\.m2\repository\io\projectreactor\netty\reactor-netty-http\1.0.27\reactor-netty-http-1.0.27.jar;C:\Users\liuku\.m2\repository\io\netty\netty-resolver-dns\4.1.86.Final\netty-resolver-dns-4.1.86.Final.jar;C:\Users\liuku\.m2\repository\io\netty\netty-codec-dns\4.1.86.Final\netty-codec-dns-4.1.86.Final.jar;C:\Users\liuku\.m2\repository\io\netty\netty-resolver-dns-native-macos\4.1.86.Final\netty-resolver-dns-native-macos-4.1.86.Final-osx-x86_64.jar;C:\Users\liuku\.m2\repository\io\netty\netty-resolver-dns-classes-macos\4.1.86.Final\netty-resolver-dns-classes-macos-4.1.86.Final.jar;C:\Users\liuku\.m2\repository\io\projectreactor\netty\reactor-netty-core\1.0.27\reactor-netty-core-1.0.27.jar;C:\Users\liuku\.m2\repository\com\fasterxml\jackson\dataformat\jackson-dataformat-xml\2.13.4\jackson-dataformat-xml-2.13.4.jar;C:\Users\liuku\.m2\repository\org\codehaus\woodstox\stax2-api\4.2.1\stax2-api-4.2.1.jar;C:\Users\liuku\.m2\repository\com\fasterxml\woodstox\woodstox-core\6.4.0\woodstox-core-6.4.0.jar;C:\Users\liuku\.m2\repository\com\azure\azure-core-amqp\2.9.0-beta.1\azure-core-amqp-2.9.0-beta.1.jar;C:\Users\liuku\.m2\repository\com\microsoft\azure\qpid-proton-j-extensions\1.2.4\qpid-proton-j-extensions-1.2.4.jar;C:\Users\liuku\.m2\repository\org\apache\qpid\proton-j\0.33.8\proton-j-0.33.8.jar;C:\Users\liuku\.m2\repository\ch\qos\logback\logback-classic\1.2.10\logback-classic-1.2.10.jar;C:\Users\liuku\.m2\repository\ch\qos\logback\logback-core\1.2.10\logback-core-1.2.10.jar;C:\Users\liuku\.m2\repository\org\slf4j\slf4j-api\1.7.32\slf4j-api-1.7.32.jar;C:\Users\liuku\.m2\repository\org\codehaus\janino\janino\3.1.6\janino-3.1.6.jar;C:\Users\liuku\.m2\repository\org\codehaus\janino\commons-compiler\3.1.6\commons-compiler-3.1.6.jar com.azure.servicebus.common.ProcessMessages
16:16:41.423 [main] INFO  com.azure.messaging.servicebus.implementation.ServiceBusConnectionProcessor - {"az.sdk.message":"Setting next AMQP channel.","entityPath":"N/A"}
16:16:41.423 [main] INFO  com.azure.messaging.servicebus.ServiceBusClientBuilder - # of open clients with shared connection: 1
16:16:41.439 [main] INFO  com.azure.messaging.servicebus.ServiceBusReceiverAsyncClient - {"az.sdk.message":"Creating consumer.","linkName":"testqueue_4c7951_1676881001439","entityPath":"testqueue"}
16:16:41.439 [main] INFO  com.azure.messaging.servicebus.implementation.ServiceBusReceiveLinkProcessor - Requesting a new AmqpReceiveLink from upstream.
16:16:41.454 [main] INFO  com.azure.core.amqp.implementation.ReactorConnection - {"az.sdk.message":"Creating and starting connection.","connectionId":"MF_f8afca_1676881001365","hostName":"xxx.servicebus.windows.net","port":5671}
16:16:41.486 [main] INFO  com.azure.core.amqp.implementation.ReactorExecutor - {"az.sdk.message":"Starting reactor.","connectionId":"MF_f8afca_1676881001365"}
16:16:41.501 [reactor-executor-1] INFO  com.azure.core.amqp.implementation.handler.ConnectionHandler - {"az.sdk.message":"onConnectionInit","connectionId":"MF_f8afca_1676881001365","hostName":"xxx.servicebus.windows.net","namespace":"xxx.servicebus.windows.net"}
16:16:41.501 [reactor-executor-1] INFO  com.azure.core.amqp.implementation.handler.ReactorHandler - {"az.sdk.message":"reactor.onReactorInit","connectionId":"MF_f8afca_1676881001365"}
16:16:41.501 [reactor-executor-1] INFO  com.azure.core.amqp.implementation.handler.ConnectionHandler - {"az.sdk.message":"onConnectionLocalOpen","connectionId":"MF_f8afca_1676881001365","errorCondition":null,"errorDescription":null,"hostName":"xxx.servicebus.windows.net"}
16:16:41.580 [reactor-executor-1] INFO  com.azure.core.amqp.implementation.handler.ConnectionHandler - {"az.sdk.message":"onConnectionBound","connectionId":"MF_f8afca_1676881001365","hostName":"xxx.servicebus.windows.net","peerDetails":"xxx.servicebus.windows.net:5671"}
16:16:41.830 [reactor-executor-1] INFO  com.azure.core.amqp.implementation.handler.StrictTlsContextSpi - SSLv2Hello was an enabled protocol. Filtering out.
16:16:43.307 [reactor-executor-1] INFO  com.azure.core.amqp.implementation.handler.ConnectionHandler - {"az.sdk.message":"onConnectionRemoteOpen","connectionId":"MF_f8afca_1676881001365","hostName":"xxx.servicebus.windows.net","remoteContainer":"7f08e5ca788f4b378707dc6f50685849_G18"}
16:16:43.307 [reactor-executor-1] INFO  com.azure.messaging.servicebus.implementation.ServiceBusConnectionProcessor - {"az.sdk.message":"Channel is now active.","entityPath":"N/A"}
16:16:43.607 [reactor-executor-1] INFO  com.azure.core.amqp.implementation.handler.SessionHandler - {"az.sdk.message":"onSessionRemoteOpen","connectionId":"MF_f8afca_1676881001365","sessionName":"testqueue","sessionIncCapacity":0,"sessionOutgoingWindow":2147483647}
16:16:43.623 [reactor-executor-1] INFO  com.azure.core.amqp.implementation.ReactorConnection - {"az.sdk.message":"Setting CBS channel.","connectionId":"MF_f8afca_1676881001365"}
16:16:43.907 [reactor-executor-1] INFO  com.azure.core.amqp.implementation.handler.SessionHandler - {"az.sdk.message":"onSessionRemoteOpen","connectionId":"MF_f8afca_1676881001365","sessionName":"cbs-session","sessionIncCapacity":0,"sessionOutgoingWindow":2147483647}
16:16:43.922 [reactor-executor-1] INFO  com.azure.core.amqp.implementation.ReactorConnection - {"az.sdk.message":"Emitting new response channel.","connectionId":"MF_f8afca_1676881001365","entityPath":"$cbs","linkName":"cbs"}
16:16:43.922 [reactor-executor-1] INFO  com.azure.core.amqp.implementation.AmqpChannelProcessor - {"az.sdk.message":"Setting next AMQP channel.","connectionId":"MF_f8afca_1676881001365","entityPath":"$cbs"}
16:16:43.922 [reactor-executor-1] INFO  com.azure.core.amqp.implementation.AmqpChannelProcessor - {"az.sdk.message":"Next AMQP channel received.","connectionId":"MF_f8afca_1676881001365","entityPath":"$cbs","subscriberId":"un_4529a3_1676881003623"}
16:16:44.222 [reactor-executor-1] INFO  com.azure.core.amqp.implementation.handler.SendLinkHandler - {"az.sdk.message":"onLinkRemoteOpen","connectionId":"MF_f8afca_1676881001365","linkName":"cbs:sender","entityPath":"$cbs","remoteTarget":"Target{address='$cbs', durable=NONE, expiryPolicy=SESSION_END, timeout=0, dynamic=false, dynamicNodeProperties=null, capabilities=null}"}
16:16:44.222 [reactor-executor-1] INFO  com.azure.core.amqp.implementation.AmqpChannelProcessor - {"az.sdk.message":"Channel is now active.","connectionId":"MF_f8afca_1676881001365","entityPath":"$cbs"}
16:16:44.222 [reactor-executor-1] INFO  com.azure.core.amqp.implementation.handler.ReceiveLinkHandler - {"az.sdk.message":"onLinkRemoteOpen","connectionId":"MF_f8afca_1676881001365","entityPath":"$cbs","linkName":"cbs:receiver","remoteSource":"Source{address='$cbs', durable=NONE, expiryPolicy=SESSION_END, timeout=0, dynamic=false, dynamicNodeProperties=null, distributionMode=null, filter=null, defaultOutcome=null, outcomes=null, capabilities=null}"}
16:16:44.521 [reactor-executor-1] INFO  com.azure.core.amqp.implementation.ActiveClientTokenManager - {"az.sdk.message":"Scheduling refresh token task.","scopes":"amqp://xxx.servicebus.windows.net/testqueue"}
16:16:44.521 [reactor-executor-1] INFO  com.azure.core.amqp.implementation.ReactorSession - {"az.sdk.message":"Creating a new receiver link.","connectionId":"MF_f8afca_1676881001365","sessionName":"testqueue","linkName":"testqueue_4c7951_1676881001439"}
16:16:44.521 [reactor-executor-1] INFO  com.azure.messaging.servicebus.implementation.ServiceBusReceiveLinkProcessor - {"az.sdk.message":"Setting next AMQP receive link.","linkName":"testqueue_4c7951_1676881001439","entityPath":"testqueue"}
16:16:44.537 [reactor-executor-1] INFO  com.azure.core.amqp.implementation.ReactorSession - {"az.sdk.message":"Returning existing receive link.","connectionId":"MF_f8afca_1676881001365","linkName":"testqueue_4c7951_1676881001439","entityPath":"testqueue"}
16:16:44.820 [reactor-executor-1] INFO  com.azure.core.amqp.implementation.handler.ReceiveLinkHandler - {"az.sdk.message":"onLinkRemoteOpen","connectionId":"MF_f8afca_1676881001365","entityPath":"testqueue","linkName":"testqueue_4c7951_1676881001439","remoteSource":"Source{address='testqueue', durable=NONE, expiryPolicy=SESSION_END, timeout=0, dynamic=false, dynamicNodeProperties=null, distributionMode=null, filter=null, defaultOutcome=null, outcomes=null, capabilities=null}"}
16:16:44.867 [boundedElastic-1] INFO  com.azure.core.implementation.jackson.JacksonVersion - Package versions: jackson-core=2.13.4, jackson-databind=2.13.4-2, jackson-dataformat-xml=2.13.4, jackson-datatype-jsr310=2.13.4, azure-core=1.36.0, Troubleshooting version conflicts: https://aka.ms/azsdk/java/dependency/troubleshoot
Thread name [boundedElastic-1] - received message id [64], message sequence number [2046462] ,  message token [a69da7d8-af6e-4067-8c09-42bc12249b0a], message content [Hello world] 
Thread name [boundedElastic-2] - received message id [65], message sequence number [2046463] ,  message token [ef5f14b1-e145-4bc7-a790-f67af6e026be], message content [Hello world] 
Thread name [boundedElastic-3] - received message id [66], message sequence number [2046464] ,  message token [aede4e34-1daa-4b8b-b38c-fe04454f9bcb], message content [Hello world] 
Thread name [boundedElastic-4] - received message id [67], message sequence number [2046465] ,  message token [3f25f012-6822-4525-a232-4f44518df2dc], message content [Hello world] 
Thread name [boundedElastic-5] - received message id [68], message sequence number [2046466] ,  message token [f12b2a44-4444-44b0-bd67-aae8587a2a73], message content [Hello world] 
Thread name [boundedElastic-6] - received message id [69], message sequence number [2046467] ,  message token [06990e8d-515c-46a1-8c04-28794d5bd166], message content [Hello world] 
Thread name [boundedElastic-7] - received message id [70], message sequence number [2046468] ,  message token [9dbbfd38-9673-4b04-ba79-fc1db836b142], message content [Hello world] 
Thread name [boundedElastic-8] - received message id [71], message sequence number [2046469] ,  message token [7f01def6-f019-474a-819e-2fe4986ad8da], message content [Hello world] 
Thread name [boundedElastic-9] - received message id [72], message sequence number [2046470] ,  message token [39fb0bac-5178-43f8-be80-37d98e32fd5c], message content [Hello world] 
Thread name [boundedElastic-10] - received message id [73], message sequence number [2046471] ,  message token [13e06343-dac8-497f-a67d-879616e23027], message content [Hello world] 
Thread name [boundedElastic-1] - received message id [74], message sequence number [2046472] ,  message token [8e58fc4b-18ba-475a-9910-0e975d0a313c], message content [Hello world] 
Thread name [boundedElastic-2] - received message id [75], message sequence number [2046473] ,  message token [afa9d447-bec1-4516-b703-22d22d4ca306], message content [Hello world] 
Thread name [boundedElastic-3] - received message id [76], message sequence number [2046474] ,  message token [d6276dcb-8ac4-47cf-af68-cee93f752fad], message content [Hello world] 
Thread name [boundedElastic-4] - received message id [77], message sequence number [2046475] ,  message token [20a2fb4d-93e9-4399-875f-f469b4ba96b0], message content [Hello world] 
Thread name [boundedElastic-5] - received message id [78], message sequence number [2046476] ,  message token [dde53b11-95df-41a9-9dce-d5fd6def2519], message content [Hello world] 
Thread name [boundedElastic-6] - received message id [79], message sequence number [2046477] ,  message token [748b1b0a-a60b-4a00-bd88-3a9b827ed0f0], message content [Hello world] 
16:16:52.183 [reactor-executor-1] WARN  com.azure.core.amqp.implementation.handler.ConnectionHandler - {"az.sdk.message":"onTransportError","connectionId":"MF_f8afca_1676881001365","errorCondition":"proton:io","errorDescription":"An existing connection was forcibly closed by the remote host","hostName":"xxx.servicebus.windows.net"}
16:16:52.183 [reactor-executor-1] INFO  com.azure.core.amqp.implementation.ReactorConnection - {"az.sdk.message":"Disposing of ReactorConnection.","connectionId":"MF_f8afca_1676881001365","isTransient":false,"isInitiatedByClient":false,"shutdownMessage":"An existing connection was forcibly closed by the remote host, errorContext[NAMESPACE: xxx.servicebus.windows.net. ERROR CONTEXT: N/A]"}
16:16:52.198 [reactor-executor-1] INFO  com.azure.messaging.servicebus.implementation.ServiceBusReactorReceiver - {"az.sdk.message":"Waiting for pending updates to complete. Locks: 20a2fb4d-93e9-4399-875f-f469b4ba96b0, 748b1b0a-a60b-4a00-bd88-3a9b827ed0f0, dde53b11-95df-41a9-9dce-d5fd6def2519","entityPath":"testqueue","linkName":"testqueue_4c7951_1676881001439"}
16:16:52.198 [reactor-executor-1] INFO  com.azure.core.amqp.implementation.handler.ConnectionHandler - {"az.sdk.message":"onConnectionUnbound","connectionId":"MF_f8afca_1676881001365","hostName":"xxx.servicebus.windows.net","state":"ACTIVE","remoteState":"ACTIVE"}
16:16:52.198 [reactor-executor-1] INFO  com.azure.core.amqp.implementation.handler.ReceiveLinkHandler - {"az.sdk.message":"onLinkFinal","connectionId":"MF_f8afca_1676881001365","linkName":"testqueue_4c7951_1676881001439","entityPath":"testqueue"}
16:16:52.198 [reactor-executor-1] INFO  com.azure.messaging.servicebus.implementation.ServiceBusReactorReceiver - {"az.sdk.message":"Starting completion of disposition works as part of receive link closure.","entityPath":"testqueue","linkName":"testqueue_4c7951_1676881001439"}
16:16:52.198 [reactor-executor-1] ERROR com.azure.messaging.servicebus.implementation.ServiceBusReactorReceiver - {"az.sdk.message":"The receiver didn't receive the disposition acknowledgment due to receive link closure.","exception":"The receiver didn't receive the disposition acknowledgment due to receive link closure.","entityPath":"testqueue","linkName":"testqueue_4c7951_1676881001439"}
16:16:52.214 [reactor-executor-1] ERROR com.azure.messaging.servicebus.implementation.ServiceBusReactorReceiver - {"az.sdk.message":"The receiver didn't receive the disposition acknowledgment due to receive link closure.","exception":"The receiver didn't receive the disposition acknowledgment due to receive link closure.","entityPath":"testqueue","linkName":"testqueue_4c7951_1676881001439"}
16:16:52.214 [reactor-executor-1] ERROR com.azure.messaging.servicebus.implementation.ServiceBusReactorReceiver - {"az.sdk.message":"The receiver didn't receive the disposition acknowledgment due to receive link closure.","exception":"The receiver didn't receive the disposition acknowledgment due to receive link closure.","entityPath":"testqueue","linkName":"testqueue_4c7951_1676881001439"}
16:16:52.214 [reactor-executor-1] INFO  com.azure.messaging.servicebus.implementation.ServiceBusReactorReceiver - {"az.sdk.message":"Completed 3 disposition works as part of receive link closure. Locks 20a2fb4d-93e9-4399-875f-f469b4ba96b0, 748b1b0a-a60b-4a00-bd88-3a9b827ed0f0, dde53b11-95df-41a9-9dce-d5fd6def2519","entityPath":"testqueue","linkName":"testqueue_4c7951_1676881001439"}
16:16:52.214 [reactor-executor-1] INFO  com.azure.messaging.servicebus.implementation.ServiceBusReceiveLinkProcessor - Receive link endpoint states are closed. Requesting another.
16:16:52.214 [reactor-executor-1] INFO  com.azure.messaging.servicebus.implementation.ServiceBusReceiveLinkProcessor - Requesting a new AmqpReceiveLink from upstream.
16:16:52.214 [reactor-executor-1] ERROR com.azure.core.amqp.implementation.ReactorSession - {"az.sdk.message":"","exception":"Cannot create receive link from a closed session., errorContext[NAMESPACE: xxx.servicebus.windows.net. ERROR CONTEXT: N/A, PATH: testqueue]","connectionId":"MF_f8afca_1676881001365","sessionName":"testqueue","entityPath":"testqueue","linkName":"testqueue_4c7951_1676881001439"}
16:16:52.214 [reactor-executor-1] INFO  com.azure.core.amqp.implementation.handler.SessionHandler - {"az.sdk.message":"onSessionFinal.","connectionId":"MF_f8afca_1676881001365","errorCondition":null,"errorDescription":null,"sessionName":"testqueue"}
16:16:52.214 [reactor-executor-1] INFO  com.azure.core.amqp.implementation.handler.SendLinkHandler - {"az.sdk.message":"onLinkFinal","connectionId":"MF_f8afca_1676881001365","linkName":"cbs:sender","entityPath":"$cbs"}
16:16:52.214 [reactor-executor-1] INFO  com.azure.core.amqp.implementation.handler.ReceiveLinkHandler - {"az.sdk.message":"onLinkFinal","connectionId":"MF_f8afca_1676881001365","linkName":"cbs:receiver","entityPath":"$cbs"}
16:16:52.214 [boundedElastic-5] ERROR com.azure.messaging.servicebus.implementation.ServiceBusReceiveLinkProcessor - {"az.sdk.message":"","exception":"lockToken[dde53b11-95df-41a9-9dce-d5fd6def2519]. state[Modified{deliveryFailed=null, undeliverableHere=null, messageAnnotations=null}]. Cannot update disposition with no link.","lockToken":"dde53b11-95df-41a9-9dce-d5fd6def2519","deliveryState":"Modified{deliveryFailed=null, undeliverableHere=null, messageAnnotations=null}"}
16:16:52.214 [boundedElastic-6] ERROR com.azure.messaging.servicebus.implementation.ServiceBusReceiveLinkProcessor - {"az.sdk.message":"","exception":"lockToken[748b1b0a-a60b-4a00-bd88-3a9b827ed0f0]. state[Modified{deliveryFailed=null, undeliverableHere=null, messageAnnotations=null}]. Cannot update disposition with no link.","lockToken":"748b1b0a-a60b-4a00-bd88-3a9b827ed0f0","deliveryState":"Modified{deliveryFailed=null, undeliverableHere=null, messageAnnotations=null}"}
16:16:52.214 [boundedElastic-4] ERROR com.azure.messaging.servicebus.implementation.ServiceBusReceiveLinkProcessor - {"az.sdk.message":"","exception":"lockToken[20a2fb4d-93e9-4399-875f-f469b4ba96b0]. state[Modified{deliveryFailed=null, undeliverableHere=null, messageAnnotations=null}]. Cannot update disposition with no link.","lockToken":"20a2fb4d-93e9-4399-875f-f469b4ba96b0","deliveryState":"Modified{deliveryFailed=null, undeliverableHere=null, messageAnnotations=null}"}
16:16:52.229 [reactor-executor-1] INFO  com.azure.core.amqp.implementation.AmqpChannelProcessor - {"az.sdk.message":"Channel is closed. Requesting upstream.","connectionId":"MF_f8afca_1676881001365","entityPath":"$cbs"}
16:16:52.229 [reactor-executor-1] INFO  com.azure.core.amqp.implementation.AmqpChannelProcessor - {"az.sdk.message":"Connection not requested, yet. Requesting one.","connectionId":"MF_f8afca_1676881001365","entityPath":"$cbs"}
16:16:52.229 [reactor-executor-1] INFO  com.azure.core.amqp.implementation.ReactorConnection - {"az.sdk.message":"Emitting new response channel.","connectionId":"MF_f8afca_1676881001365","entityPath":"$cbs","linkName":"cbs"}
16:16:52.229 [reactor-executor-1] INFO  com.azure.core.amqp.implementation.AmqpChannelProcessor - {"az.sdk.message":"Setting next AMQP channel.","connectionId":"MF_f8afca_1676881001365","entityPath":"$cbs"}
16:16:52.229 [reactor-executor-1] INFO  com.azure.core.amqp.implementation.AmqpChannelProcessor - {"az.sdk.message":"Upstream connection publisher was completed. Terminating processor.","connectionId":"MF_f8afca_1676881001365","entityPath":"$cbs"}
16:16:52.229 [reactor-executor-1] INFO  com.azure.core.amqp.implementation.handler.SessionHandler - {"az.sdk.message":"onSessionFinal.","connectionId":"MF_f8afca_1676881001365","errorCondition":null,"errorDescription":null,"sessionName":"cbs-session"}
16:16:52.229 [reactor-executor-1] INFO  com.azure.core.amqp.implementation.handler.ConnectionHandler - {"az.sdk.message":"onConnectionFinal","connectionId":"MF_f8afca_1676881001365","errorCondition":null,"errorDescription":null,"hostName":"xxx.servicebus.windows.net"}
16:16:52.229 [reactor-executor-1] INFO  com.azure.core.amqp.implementation.ReactorConnection - {"az.sdk.message":"Closing executor.","connectionId":"MF_f8afca_1676881001365"}
16:16:52.229 [reactor-executor-1] INFO  com.azure.core.amqp.implementation.handler.SendLinkHandler - {"az.sdk.message":"Sender link was never active. Closing endpoint states.","connectionId":"MF_f8afca_1676881001365","linkName":"cbs","entityPath":"$cbs"}
16:16:52.229 [reactor-executor-1] INFO  com.azure.core.amqp.implementation.handler.ReceiveLinkHandler - {"az.sdk.message":"Receiver link was never active. Closing endpoint states","connectionId":"MF_f8afca_1676881001365","entityPath":"$cbs","linkName":"cbs"}
16:16:52.229 [reactor-executor-1] INFO  com.azure.core.amqp.implementation.AmqpChannelProcessor - {"az.sdk.message":"Channel is disposed.","connectionId":"MF_f8afca_1676881001365","entityPath":"$cbs"}
16:16:52.229 [reactor-executor-1] INFO  com.azure.core.amqp.implementation.handler.ConnectionHandler - {"az.sdk.message":"onConnectionLocalClose","connectionId":"MF_f8afca_1676881001365","errorCondition":null,"errorDescription":null,"hostName":"xxx.servicebus.windows.net"}
Error occurred while receiving message: com.azure.messaging.servicebus.ServiceBusException: lockToken[748b1b0a-a60b-4a00-bd88-3a9b827ed0f0]. state[Modified{deliveryFailed=null, undeliverableHere=null, messageAnnotations=null}]. Cannot update disposition with no link.
Error occurred while receiving message: com.azure.messaging.servicebus.ServiceBusException: lockToken[dde53b11-95df-41a9-9dce-d5fd6def2519]. state[Modified{deliveryFailed=null, undeliverableHere=null, messageAnnotations=null}]. Cannot update disposition with no link.
Error occurred while receiving message: com.azure.messaging.servicebus.ServiceBusException: lockToken[20a2fb4d-93e9-4399-875f-f469b4ba96b0]. state[Modified{deliveryFailed=null, undeliverableHere=null, messageAnnotations=null}]. Cannot update disposition with no link.
16:16:56.240 [reactor-executor-1] INFO  com.azure.core.amqp.implementation.ReactorExecutor - {"az.sdk.message":"Processing all pending tasks and closing old reactor.","connectionId":"MF_f8afca_1676881001365"}
16:16:56.240 [reactor-executor-1] INFO  com.azure.core.amqp.implementation.ReactorDispatcher - {"az.sdk.message":"Reactor selectable is being disposed.","connectionId":"MF_f8afca_1676881001365"}
16:16:56.240 [reactor-executor-1] INFO  com.azure.core.amqp.implementation.ReactorConnection - {"az.sdk.message":"onConnectionShutdown. Shutting down.","connectionId":"MF_f8afca_1676881001365","isTransient":false,"isInitiatedByClient":false,"shutdownMessage":"connectionId[MF_f8afca_1676881001365] Reactor selectable is disposed.","namespace":"xxx.servicebus.windows.net"}
16:16:56.240 [reactor-executor-1] ERROR reactor.core.publisher.Operators - Operator called default onErrorDropped
reactor.core.Exceptions$ErrorCallbackNotImplemented: com.azure.core.amqp.exception.AmqpException: An existing connection was forcibly closed by the remote host, errorContext[NAMESPACE: xxx.servicebus.windows.net. ERROR CONTEXT: N/A]
Caused by: com.azure.core.amqp.exception.AmqpException: An existing connection was forcibly closed by the remote host, errorContext[NAMESPACE: xxx.servicebus.windows.net. ERROR CONTEXT: N/A]
	at com.azure.core.amqp.implementation.ExceptionUtil.toException(ExceptionUtil.java:85)
	at com.azure.core.amqp.implementation.handler.ConnectionHandler.notifyErrorContext(ConnectionHandler.java:351)
	at com.azure.core.amqp.implementation.handler.ConnectionHandler.onTransportError(ConnectionHandler.java:253)
	at org.apache.qpid.proton.engine.BaseHandler.handle(BaseHandler.java:191)
	at org.apache.qpid.proton.engine.impl.EventImpl.dispatch(EventImpl.java:108)
	at org.apache.qpid.proton.reactor.impl.ReactorImpl.dispatch(ReactorImpl.java:324)
	at org.apache.qpid.proton.reactor.impl.ReactorImpl.process(ReactorImpl.java:291)
	at com.azure.core.amqp.implementation.ReactorExecutor.run(ReactorExecutor.java:91)
	at reactor.core.scheduler.SchedulerTask.call(SchedulerTask.java:68)
	at reactor.core.scheduler.SchedulerTask.call(SchedulerTask.java:28)
	at java.base/java.util.concurrent.FutureTask.run(FutureTask.java:264)
	at java.base/java.util.concurrent.ScheduledThreadPoolExecutor$ScheduledFutureTask.run(ScheduledThreadPoolExecutor.java:304)
	at java.base/java.util.concurrent.ThreadPoolExecutor.runWorker(ThreadPoolExecutor.java:1128)
	at java.base/java.util.concurrent.ThreadPoolExecutor$Worker.run(ThreadPoolExecutor.java:628)
	at java.base/java.lang.Thread.run(Thread.java:834)
16:16:56.240 [reactor-executor-1] INFO  com.azure.messaging.servicebus.implementation.ServiceBusConnectionProcessor - {"az.sdk.message":"Transient error occurred. Retrying.","exception":"An existing connection was forcibly closed by the remote host, errorContext[NAMESPACE: xxx.servicebus.windows.net. ERROR CONTEXT: N/A]","entityPath":"N/A","tryCount":0,"interval_ms":4511}
16:16:56.240 [reactor-executor-1] INFO  com.azure.core.amqp.implementation.ReactorConnection - {"az.sdk.message":"onConnectionShutdown. Shutting down.","connectionId":"MF_f8afca_1676881001365","isTransient":false,"isInitiatedByClient":false,"shutdownMessage":"Finished processing pending tasks.","namespace":"xxx.servicebus.windows.net"}
16:17:00.770 [parallel-15] INFO  com.azure.messaging.servicebus.implementation.ServiceBusConnectionProcessor - {"az.sdk.message":"Requesting from upstream.","entityPath":"N/A","tryCount":0}
16:17:00.770 [parallel-15] INFO  com.azure.messaging.servicebus.implementation.ServiceBusConnectionProcessor - {"az.sdk.message":"Connection not requested, yet. Requesting one.","entityPath":"N/A"}
16:17:00.770 [parallel-15] INFO  com.azure.messaging.servicebus.implementation.ServiceBusConnectionProcessor - {"az.sdk.message":"Setting next AMQP channel.","entityPath":"N/A"}
16:17:00.770 [parallel-15] INFO  com.azure.core.amqp.implementation.ReactorConnection - {"az.sdk.message":"Creating and starting connection.","connectionId":"MF_7cfa3b_1676881001423","hostName":"xxx.servicebus.windows.net","port":5671}
16:17:00.770 [parallel-15] INFO  com.azure.core.amqp.implementation.ReactorExecutor - {"az.sdk.message":"Starting reactor.","connectionId":"MF_7cfa3b_1676881001423"}
16:17:00.773 [parallel-15] INFO  com.azure.messaging.servicebus.implementation.ServiceBusConnectionProcessor - {"az.sdk.message":"Next AMQP channel received.","entityPath":"N/A","subscriberId":"un_aa97c4_1676881017197"}
16:17:00.773 [reactor-executor-2] INFO  com.azure.core.amqp.implementation.handler.ConnectionHandler - {"az.sdk.message":"onConnectionInit","connectionId":"MF_7cfa3b_1676881001423","hostName":"xxx.servicebus.windows.net","namespace":"xxx.servicebus.windows.net"}
16:17:00.773 [reactor-executor-2] INFO  com.azure.core.amqp.implementation.handler.ReactorHandler - {"az.sdk.message":"reactor.onReactorInit","connectionId":"MF_7cfa3b_1676881001423"}
16:17:00.773 [reactor-executor-2] INFO  com.azure.core.amqp.implementation.handler.ConnectionHandler - {"az.sdk.message":"onConnectionLocalOpen","connectionId":"MF_7cfa3b_1676881001423","errorCondition":null,"errorDescription":null,"hostName":"xxx.servicebus.windows.net"}
16:17:00.773 [reactor-executor-2] INFO  com.azure.core.amqp.implementation.handler.ConnectionHandler - {"az.sdk.message":"onConnectionBound","connectionId":"MF_7cfa3b_1676881001423","hostName":"xxx.servicebus.windows.net","peerDetails":"xxx.servicebus.windows.net:5671"}
16:17:00.773 [reactor-executor-2] INFO  com.azure.core.amqp.implementation.handler.StrictTlsContextSpi - SSLv2Hello was an enabled protocol. Filtering out.
16:17:02.277 [reactor-executor-2] INFO  com.azure.core.amqp.implementation.handler.ConnectionHandler - {"az.sdk.message":"onConnectionRemoteOpen","connectionId":"MF_7cfa3b_1676881001423","hostName":"xxx.servicebus.windows.net","remoteContainer":"b266ffffb29349cc99a07b48653b919e_G38"}
16:17:02.277 [reactor-executor-2] INFO  com.azure.messaging.servicebus.implementation.ServiceBusConnectionProcessor - {"az.sdk.message":"Channel is now active.","entityPath":"N/A"}
16:17:02.577 [reactor-executor-2] INFO  com.azure.core.amqp.implementation.handler.SessionHandler - {"az.sdk.message":"onSessionRemoteOpen","connectionId":"MF_7cfa3b_1676881001423","sessionName":"testqueue","sessionIncCapacity":0,"sessionOutgoingWindow":2147483647}
16:17:02.577 [reactor-executor-2] INFO  com.azure.core.amqp.implementation.ReactorConnection - {"az.sdk.message":"Setting CBS channel.","connectionId":"MF_7cfa3b_1676881001423"}
16:17:02.871 [reactor-executor-2] INFO  com.azure.core.amqp.implementation.handler.SessionHandler - {"az.sdk.message":"onSessionRemoteOpen","connectionId":"MF_7cfa3b_1676881001423","sessionName":"cbs-session","sessionIncCapacity":0,"sessionOutgoingWindow":2147483647}
16:17:02.871 [reactor-executor-2] INFO  com.azure.core.amqp.implementation.ReactorConnection - {"az.sdk.message":"Emitting new response channel.","connectionId":"MF_7cfa3b_1676881001423","entityPath":"$cbs","linkName":"cbs"}
16:17:02.871 [reactor-executor-2] INFO  com.azure.core.amqp.implementation.AmqpChannelProcessor - {"az.sdk.message":"Setting next AMQP channel.","connectionId":"MF_7cfa3b_1676881001423","entityPath":"$cbs"}
16:17:02.871 [reactor-executor-2] INFO  com.azure.core.amqp.implementation.AmqpChannelProcessor - {"az.sdk.message":"Next AMQP channel received.","connectionId":"MF_7cfa3b_1676881001423","entityPath":"$cbs","subscriberId":"un_697214_1676881022577"}
16:17:03.153 [reactor-executor-2] INFO  com.azure.core.amqp.implementation.handler.SendLinkHandler - {"az.sdk.message":"onLinkRemoteOpen","connectionId":"MF_7cfa3b_1676881001423","linkName":"cbs:sender","entityPath":"$cbs","remoteTarget":"Target{address='$cbs', durable=NONE, expiryPolicy=SESSION_END, timeout=0, dynamic=false, dynamicNodeProperties=null, capabilities=null}"}
16:17:03.153 [reactor-executor-2] INFO  com.azure.core.amqp.implementation.AmqpChannelProcessor - {"az.sdk.message":"Channel is now active.","connectionId":"MF_7cfa3b_1676881001423","entityPath":"$cbs"}
16:17:03.153 [reactor-executor-2] INFO  com.azure.core.amqp.implementation.handler.ReceiveLinkHandler - {"az.sdk.message":"onLinkRemoteOpen","connectionId":"MF_7cfa3b_1676881001423","entityPath":"$cbs","linkName":"cbs:receiver","remoteSource":"Source{address='$cbs', durable=NONE, expiryPolicy=SESSION_END, timeout=0, dynamic=false, dynamicNodeProperties=null, distributionMode=null, filter=null, defaultOutcome=null, outcomes=null, capabilities=null}"}
16:17:03.451 [reactor-executor-2] INFO  com.azure.core.amqp.implementation.ActiveClientTokenManager - {"az.sdk.message":"Scheduling refresh token task.","scopes":"amqp://xxx.servicebus.windows.net/testqueue"}
16:17:03.451 [reactor-executor-2] INFO  com.azure.core.amqp.implementation.ReactorSession - {"az.sdk.message":"Creating a new receiver link.","connectionId":"MF_7cfa3b_1676881001423","sessionName":"testqueue","linkName":"testqueue_4c7951_1676881001439"}
16:17:03.466 [reactor-executor-2] INFO  com.azure.messaging.servicebus.implementation.ServiceBusReceiveLinkProcessor - {"az.sdk.message":"Setting next AMQP receive link.","linkName":"testqueue_4c7951_1676881001439","entityPath":"testqueue"}
16:17:03.466 [reactor-executor-2] INFO  com.azure.core.amqp.implementation.ReactorSession - {"az.sdk.message":"Returning existing receive link.","connectionId":"MF_7cfa3b_1676881001423","linkName":"testqueue_4c7951_1676881001439","entityPath":"testqueue"}
16:17:03.765 [reactor-executor-2] INFO  com.azure.core.amqp.implementation.handler.ReceiveLinkHandler - {"az.sdk.message":"onLinkRemoteOpen","connectionId":"MF_7cfa3b_1676881001423","entityPath":"testqueue","linkName":"testqueue_4c7951_1676881001439","remoteSource":"Source{address='testqueue', durable=NONE, expiryPolicy=SESSION_END, timeout=0, dynamic=false, dynamicNodeProperties=null, distributionMode=null, filter=null, defaultOutcome=null, outcomes=null, capabilities=null}"}
Thread name [boundedElastic-7] - received message id [81], message sequence number [2046479] ,  message token [01eb01b1-6d94-4023-ba2b-8ab36b03b380], message content [Hello world] 
Thread name [boundedElastic-8] - received message id [81], message sequence number [2046480] ,  message token [d0c6dbd3-794a-4170-8ecb-637b0017398a], message content [Hello world] 
Thread name [boundedElastic-9] - received message id [82], message sequence number [2046481] ,  message token [d49cc831-c1d2-489d-b14d-9f4c08059130], message content [Hello world] 
Thread name [boundedElastic-10] - received message id [83], message sequence number [2046482] ,  message token [81f8e9cf-95a4-44a1-944e-ef90a329c697], message content [Hello world] 
Thread name [boundedElastic-1] - received message id [84], message sequence number [2046483] ,  message token [69044973-ebc0-4157-88ee-e6bd80aef002], message content [Hello world] 
Thread name [boundedElastic-2] - received message id [85], message sequence number [2046484] ,  message token [65e3f752-055c-4825-ae93-31e2740c790a], message content [Hello world] 
Thread name [boundedElastic-3] - received message id [86], message sequence number [2046485] ,  message token [51285f38-b0ea-4cc7-ba53-98b8a4ec2bad], message content [Hello world] 
Thread name [boundedElastic-4] - received message id [87], message sequence number [2046486] ,  message token [306bb3c8-462f-484f-b948-c7039b02c9e9], message content [Hello world] 
Thread name [boundedElastic-5] - received message id [88], message sequence number [2046487] ,  message token [cbbf993e-3f79-4ad1-b54a-48d71ec82356], message content [Hello world] 

Process finished with exit code 130
