14:37:13.574 [main] INFO  com.azure.messaging.servicebus.implementation.ServiceBusConnectionProcessor - {"az.sdk.message":"Setting next AMQP channel.","entityPath":"N/A"}
14:37:13.589 [main] INFO  com.azure.messaging.servicebus.ServiceBusClientBuilder - # of open clients with shared connection: 1
14:37:13.589 [main] INFO  com.azure.messaging.servicebus.ServiceBusReceiverAsyncClient - {"az.sdk.message":"Creating consumer.","linkName":"testqueue_398f29_1676615833589","entityPath":"testqueue"}
14:37:13.610 [main] INFO  com.azure.messaging.servicebus.implementation.ServiceBusReceiveLinkProcessor - Requesting a new AmqpReceiveLink from upstream.
14:37:13.621 [main] INFO  com.azure.core.amqp.implementation.ReactorConnection - {"az.sdk.message":"Creating and starting connection.","connectionId":"MF_ac03fc_1676615833511","hostName":"xxx.servicebus.windows.net","port":5671}
14:37:13.637 [main] INFO  com.azure.core.amqp.implementation.ReactorExecutor - {"az.sdk.message":"Starting reactor.","connectionId":"MF_ac03fc_1676615833511"}
14:37:13.652 [reactor-executor-1] INFO  com.azure.core.amqp.implementation.handler.ConnectionHandler - {"az.sdk.message":"onConnectionInit","connectionId":"MF_ac03fc_1676615833511","hostName":"xxx.servicebus.windows.net","namespace":"xxx.servicebus.windows.net"}
14:37:13.652 [reactor-executor-1] INFO  com.azure.core.amqp.implementation.handler.ReactorHandler - {"az.sdk.message":"reactor.onReactorInit","connectionId":"MF_ac03fc_1676615833511"}
14:37:13.652 [reactor-executor-1] INFO  com.azure.core.amqp.implementation.handler.ConnectionHandler - {"az.sdk.message":"onConnectionLocalOpen","connectionId":"MF_ac03fc_1676615833511","errorCondition":null,"errorDescription":null,"hostName":"xxx.servicebus.windows.net"}
14:37:13.746 [reactor-executor-1] INFO  com.azure.core.amqp.implementation.handler.ConnectionHandler - {"az.sdk.message":"onConnectionBound","connectionId":"MF_ac03fc_1676615833511","hostName":"xxx.servicebus.windows.net","peerDetails":"xxx.servicebus.windows.net:5671"}
14:37:13.982 [reactor-executor-1] INFO  com.azure.core.amqp.implementation.handler.StrictTlsContextSpi - SSLv2Hello was an enabled protocol. Filtering out.
14:37:15.529 [reactor-executor-1] INFO  com.azure.core.amqp.implementation.handler.ConnectionHandler - {"az.sdk.message":"onConnectionRemoteOpen","connectionId":"MF_ac03fc_1676615833511","hostName":"xxx.servicebus.windows.net","remoteContainer":"e32e595dcca64079b014554436129fef_G43"}
14:37:15.529 [reactor-executor-1] INFO  com.azure.messaging.servicebus.implementation.ServiceBusConnectionProcessor - {"az.sdk.message":"Channel is now active.","entityPath":"N/A"}
14:37:15.843 [reactor-executor-1] INFO  com.azure.core.amqp.implementation.handler.SessionHandler - {"az.sdk.message":"onSessionRemoteOpen","connectionId":"MF_ac03fc_1676615833511","sessionName":"testqueue","sessionIncCapacity":0,"sessionOutgoingWindow":2147483647}
14:37:15.859 [reactor-executor-1] INFO  com.azure.core.amqp.implementation.ReactorConnection - {"az.sdk.message":"Setting CBS channel.","connectionId":"MF_ac03fc_1676615833511"}
14:37:16.157 [reactor-executor-1] INFO  com.azure.core.amqp.implementation.handler.SessionHandler - {"az.sdk.message":"onSessionRemoteOpen","connectionId":"MF_ac03fc_1676615833511","sessionName":"cbs-session","sessionIncCapacity":0,"sessionOutgoingWindow":2147483647}
14:37:16.157 [reactor-executor-1] INFO  com.azure.core.amqp.implementation.ReactorConnection - {"az.sdk.message":"Emitting new response channel.","connectionId":"MF_ac03fc_1676615833511","entityPath":"$cbs","linkName":"cbs"}
14:37:16.157 [reactor-executor-1] INFO  com.azure.core.amqp.implementation.AmqpChannelProcessor - {"az.sdk.message":"Setting next AMQP channel.","connectionId":"MF_ac03fc_1676615833511","entityPath":"$cbs"}
14:37:16.173 [reactor-executor-1] INFO  com.azure.core.amqp.implementation.AmqpChannelProcessor - {"az.sdk.message":"Next AMQP channel received.","connectionId":"MF_ac03fc_1676615833511","entityPath":"$cbs","subscriberId":"un_7df3c4_1676615835859"}
14:37:16.472 [reactor-executor-1] INFO  com.azure.core.amqp.implementation.handler.SendLinkHandler - {"az.sdk.message":"onLinkRemoteOpen","connectionId":"MF_ac03fc_1676615833511","linkName":"cbs:sender","entityPath":"$cbs","remoteTarget":"Target{address='$cbs', durable=NONE, expiryPolicy=SESSION_END, timeout=0, dynamic=false, dynamicNodeProperties=null, capabilities=null}"}
14:37:16.472 [reactor-executor-1] INFO  com.azure.core.amqp.implementation.AmqpChannelProcessor - {"az.sdk.message":"Channel is now active.","connectionId":"MF_ac03fc_1676615833511","entityPath":"$cbs"}
14:37:16.472 [reactor-executor-1] INFO  com.azure.core.amqp.implementation.handler.ReceiveLinkHandler - {"az.sdk.message":"onLinkRemoteOpen","connectionId":"MF_ac03fc_1676615833511","entityPath":"$cbs","linkName":"cbs:receiver","remoteSource":"Source{address='$cbs', durable=NONE, expiryPolicy=SESSION_END, timeout=0, dynamic=false, dynamicNodeProperties=null, distributionMode=null, filter=null, defaultOutcome=null, outcomes=null, capabilities=null}"}
14:37:16.786 [reactor-executor-1] INFO  com.azure.core.amqp.implementation.ActiveClientTokenManager - {"az.sdk.message":"Scheduling refresh token task.","scopes":"amqp://xxx.servicebus.windows.net/testqueue"}
14:37:16.786 [reactor-executor-1] INFO  com.azure.core.amqp.implementation.ReactorSession - {"az.sdk.message":"Creating a new receiver link.","connectionId":"MF_ac03fc_1676615833511","sessionName":"testqueue","linkName":"testqueue_398f29_1676615833589"}
14:37:16.802 [reactor-executor-1] INFO  com.azure.messaging.servicebus.implementation.ServiceBusReceiveLinkProcessor - {"az.sdk.message":"Setting next AMQP receive link.","linkName":"testqueue_398f29_1676615833589","entityPath":"testqueue"}
14:37:16.802 [reactor-executor-1] INFO  com.azure.core.amqp.implementation.ReactorSession - {"az.sdk.message":"Returning existing receive link.","connectionId":"MF_ac03fc_1676615833511","linkName":"testqueue_398f29_1676615833589","entityPath":"testqueue"}
14:37:17.100 [reactor-executor-1] INFO  com.azure.core.amqp.implementation.handler.ReceiveLinkHandler - {"az.sdk.message":"onLinkRemoteOpen","connectionId":"MF_ac03fc_1676615833511","entityPath":"testqueue","linkName":"testqueue_398f29_1676615833589","remoteSource":"Source{address='testqueue', durable=NONE, expiryPolicy=SESSION_END, timeout=0, dynamic=false, dynamicNodeProperties=null, distributionMode=null, filter=null, defaultOutcome=null, outcomes=null, capabilities=null}"}
14:37:17.117 [boundedElastic-1] INFO  com.azure.core.implementation.jackson.JacksonVersion - Package versions: jackson-core=2.13.4, jackson-databind=2.13.4-2, jackson-dataformat-xml=2.13.4, jackson-datatype-jsr310=2.13.4, azure-core=1.34.0, Troubleshooting version conflicts: https://aka.ms/azsdk/java/dependency/troubleshoot
Thread name [boundedElastic-1] - received message id [184], message sequence number [2045147] ,  message token [f638967a-9740-42f3-9b62-caae3ac2a788], message content [Hello world] 
Thread name [boundedElastic-2] - received message id [185], message sequence number [2045148] ,  message token [babe7ed6-5dcd-429f-be11-213019228f17], message content [Hello world] 
Thread name [boundedElastic-3] - received message id [186], message sequence number [2045149] ,  message token [a3647636-9002-4581-8e02-f302bfb41b91], message content [Hello world] 
Thread name [boundedElastic-4] - received message id [187], message sequence number [2045150] ,  message token [742587f6-772e-4d38-af51-27e0d67c57bd], message content [Hello world] 
Thread name [boundedElastic-5] - received message id [227], message sequence number [2045190] ,  message token [1bcaa66e-514a-4863-bb32-f3a9a993c4bf], message content [Hello world] 
Thread name [boundedElastic-6] - received message id [228], message sequence number [2045191] ,  message token [59f7c2ed-c8bf-4908-a52f-2811ef495364], message content [Hello world] 
Thread name [boundedElastic-7] - received message id [229], message sequence number [2045192] ,  message token [a083fe3c-5a7a-47d0-aec1-62a0ccdf89cf], message content [Hello world] 
Thread name [boundedElastic-8] - received message id [230], message sequence number [2045193] ,  message token [148154ea-f33a-44bc-9daa-09fb0a8af7b8], message content [Hello world] 
Thread name [boundedElastic-9] - received message id [231], message sequence number [2045194] ,  message token [bf23690e-03df-45e6-944d-57b909bfdfea], message content [Hello world] 
Thread name [boundedElastic-10] - received message id [232], message sequence number [2045195] ,  message token [90876e96-a7ab-480a-9115-1c2f09f44d94], message content [Hello world] 
Thread name [boundedElastic-1] - received message id [233], message sequence number [2045196] ,  message token [248aba1b-1996-4c95-a080-5def55cb5bfd], message content [Hello world] 
Thread name [boundedElastic-2] - received message id [234], message sequence number [2045197] ,  message token [6c5ba088-e8e9-4712-87a6-1c55ce26668b], message content [Hello world] 
14:37:22.585 [reactor-executor-1] WARN  com.azure.core.amqp.implementation.handler.ConnectionHandler - {"az.sdk.message":"onTransportError","connectionId":"MF_ac03fc_1676615833511","errorCondition":"proton:io","errorDescription":"An existing connection was forcibly closed by the remote host","hostName":"xxx.servicebus.windows.net"}
14:37:22.585 [reactor-executor-1] INFO  com.azure.core.amqp.implementation.ReactorConnection - {"az.sdk.message":"Disposing of ReactorConnection.","connectionId":"MF_ac03fc_1676615833511","isTransient":false,"isInitiatedByClient":false,"shutdownMessage":"An existing connection was forcibly closed by the remote host, errorContext[NAMESPACE: xxx.servicebus.windows.net. ERROR CONTEXT: N/A]"}
14:37:22.585 [reactor-executor-1] INFO  com.azure.messaging.servicebus.implementation.ServiceBusReactorReceiver - {"az.sdk.message":"Waiting for pending updates to complete. Locks: 6c5ba088-e8e9-4712-87a6-1c55ce26668b, 248aba1b-1996-4c95-a080-5def55cb5bfd, 90876e96-a7ab-480a-9115-1c2f09f44d94","entityPath":"testqueue","linkName":"testqueue_398f29_1676615833589"}
14:37:22.601 [reactor-executor-1] INFO  com.azure.core.amqp.implementation.handler.ConnectionHandler - {"az.sdk.message":"onConnectionUnbound","connectionId":"MF_ac03fc_1676615833511","hostName":"xxx.servicebus.windows.net","state":"ACTIVE","remoteState":"ACTIVE"}
14:37:22.601 [reactor-executor-1] INFO  com.azure.core.amqp.implementation.handler.ReceiveLinkHandler - {"az.sdk.message":"onLinkFinal","connectionId":"MF_ac03fc_1676615833511","linkName":"testqueue_398f29_1676615833589","entityPath":"testqueue"}
14:37:22.601 [reactor-executor-1] INFO  com.azure.messaging.servicebus.implementation.ServiceBusReceiveLinkProcessor - Receive link endpoint states are closed. Requesting another.
14:37:22.601 [reactor-executor-1] INFO  com.azure.messaging.servicebus.implementation.ServiceBusReceiveLinkProcessor - Requesting a new AmqpReceiveLink from upstream.
14:37:22.601 [reactor-executor-1] INFO  com.azure.messaging.servicebus.implementation.ServiceBusReceiveLinkProcessor - {"az.sdk.message":"Setting next AMQP receive link.","linkName":"testqueue_398f29_1676615833589","entityPath":"testqueue"}
14:37:22.633 [boundedElastic-17] INFO  com.azure.messaging.servicebus.implementation.ServiceBusReceiveLinkProcessor - Receive link endpoint states are closed. Requesting another.
14:37:22.633 [boundedElastic-17] INFO  com.azure.messaging.servicebus.implementation.ServiceBusReceiveLinkProcessor - Requesting a new AmqpReceiveLink from upstream.
14:37:22.648 [reactor-executor-1] ERROR com.azure.core.amqp.implementation.ReactorSession - {"az.sdk.message":"","exception":"Cannot create receive link from a closed session., errorContext[NAMESPACE: xxx.servicebus.windows.net. ERROR CONTEXT: N/A, PATH: testqueue]","connectionId":"MF_ac03fc_1676615833511","sessionName":"testqueue","entityPath":"testqueue","linkName":"testqueue_398f29_1676615833589"}
14:37:22.648 [reactor-executor-1] INFO  com.azure.core.amqp.implementation.handler.SessionHandler - {"az.sdk.message":"onSessionFinal.","connectionId":"MF_ac03fc_1676615833511","errorCondition":null,"errorDescription":null,"sessionName":"testqueue"}
14:37:22.648 [reactor-executor-1] INFO  com.azure.core.amqp.implementation.handler.SendLinkHandler - {"az.sdk.message":"onLinkFinal","connectionId":"MF_ac03fc_1676615833511","linkName":"cbs:sender","entityPath":"$cbs"}
14:37:22.648 [reactor-executor-1] INFO  com.azure.core.amqp.implementation.handler.ReceiveLinkHandler - {"az.sdk.message":"onLinkFinal","connectionId":"MF_ac03fc_1676615833511","linkName":"cbs:receiver","entityPath":"$cbs"}
14:37:22.648 [reactor-executor-1] INFO  com.azure.core.amqp.implementation.AmqpChannelProcessor - {"az.sdk.message":"Channel is closed. Requesting upstream.","connectionId":"MF_ac03fc_1676615833511","entityPath":"$cbs"}
14:37:22.648 [reactor-executor-1] INFO  com.azure.core.amqp.implementation.AmqpChannelProcessor - {"az.sdk.message":"Connection not requested, yet. Requesting one.","connectionId":"MF_ac03fc_1676615833511","entityPath":"$cbs"}
14:37:22.648 [reactor-executor-1] INFO  com.azure.core.amqp.implementation.ReactorConnection - {"az.sdk.message":"Emitting new response channel.","connectionId":"MF_ac03fc_1676615833511","entityPath":"$cbs","linkName":"cbs"}
14:37:22.648 [reactor-executor-1] INFO  com.azure.core.amqp.implementation.AmqpChannelProcessor - {"az.sdk.message":"Setting next AMQP channel.","connectionId":"MF_ac03fc_1676615833511","entityPath":"$cbs"}
14:37:22.648 [reactor-executor-1] INFO  com.azure.core.amqp.implementation.AmqpChannelProcessor - {"az.sdk.message":"Upstream connection publisher was completed. Terminating processor.","connectionId":"MF_ac03fc_1676615833511","entityPath":"$cbs"}
14:37:22.648 [reactor-executor-1] INFO  com.azure.core.amqp.implementation.handler.SessionHandler - {"az.sdk.message":"onSessionFinal.","connectionId":"MF_ac03fc_1676615833511","errorCondition":null,"errorDescription":null,"sessionName":"cbs-session"}
14:37:22.648 [reactor-executor-1] INFO  com.azure.core.amqp.implementation.handler.ConnectionHandler - {"az.sdk.message":"onConnectionFinal","connectionId":"MF_ac03fc_1676615833511","errorCondition":null,"errorDescription":null,"hostName":"xxx.servicebus.windows.net"}
14:37:22.648 [reactor-executor-1] INFO  com.azure.core.amqp.implementation.ReactorConnection - {"az.sdk.message":"Closing executor.","connectionId":"MF_ac03fc_1676615833511"}
14:37:22.648 [reactor-executor-1] INFO  com.azure.core.amqp.implementation.handler.SendLinkHandler - {"az.sdk.message":"Sender link was never active. Closing endpoint states.","connectionId":"MF_ac03fc_1676615833511","linkName":"cbs","entityPath":"$cbs"}
14:37:22.648 [reactor-executor-1] INFO  com.azure.core.amqp.implementation.handler.ReceiveLinkHandler - {"az.sdk.message":"Receiver link was never active. Closing endpoint states","connectionId":"MF_ac03fc_1676615833511","entityPath":"$cbs","linkName":"cbs"}
14:37:22.664 [reactor-executor-1] INFO  com.azure.core.amqp.implementation.AmqpChannelProcessor - {"az.sdk.message":"Channel is disposed.","connectionId":"MF_ac03fc_1676615833511","entityPath":"$cbs"}
14:37:22.664 [reactor-executor-1] INFO  com.azure.core.amqp.implementation.handler.ConnectionHandler - {"az.sdk.message":"onConnectionLocalClose","connectionId":"MF_ac03fc_1676615833511","errorCondition":null,"errorDescription":null,"hostName":"xxx.servicebus.windows.net"}
14:37:26.665 [reactor-executor-1] INFO  com.azure.core.amqp.implementation.ReactorExecutor - {"az.sdk.message":"Processing all pending tasks and closing old reactor.","connectionId":"MF_ac03fc_1676615833511"}
14:37:26.665 [reactor-executor-1] INFO  com.azure.core.amqp.implementation.ReactorDispatcher - {"az.sdk.message":"Reactor selectable is being disposed.","connectionId":"MF_ac03fc_1676615833511"}
14:37:26.665 [reactor-executor-1] INFO  com.azure.core.amqp.implementation.ReactorConnection - {"az.sdk.message":"onConnectionShutdown. Shutting down.","connectionId":"MF_ac03fc_1676615833511","isTransient":false,"isInitiatedByClient":false,"shutdownMessage":"connectionId[MF_ac03fc_1676615833511] Reactor selectable is disposed.","namespace":"xxx.servicebus.windows.net"}
14:37:26.665 [reactor-executor-1] ERROR reactor.core.publisher.Operators - Operator called default onErrorDropped
reactor.core.Exceptions$ErrorCallbackNotImplemented: com.azure.core.amqp.exception.AmqpException: An existing connection was forcibly closed by the remote host, errorContext[NAMESPACE: xxx.servicebus.windows.net. ERROR CONTEXT: N/A]
Caused by: com.azure.core.amqp.exception.AmqpException: An existing connection was forcibly closed by the remote host, errorContext[NAMESPACE: xxx.servicebus.windows.net. ERROR CONTEXT: N/A]
	at com.azure.core.amqp.implementation.ExceptionUtil.toException(ExceptionUtil.java:85)
	at com.azure.core.amqp.implementation.handler.ConnectionHandler.notifyErrorContext(ConnectionHandler.java:351)
	at com.azure.core.amqp.implementation.handler.ConnectionHandler.onTransportError(ConnectionHandler.java:253)
	at org.apache.qpid.proton.engine.BaseHandler.handle(BaseHandler.java:191)
	at org.apache.qpid.proton.engine.impl.EventImpl.dispatch(EventImpl.java:108)
	at org.apache.qpid.proton.reactor.impl.ReactorImpl.dispatch(ReactorImpl.java:324)
	at org.apache.qpid.proton.reactor.impl.ReactorImpl.process(ReactorImpl.java:291)
	at com.azure.core.amqp.implementation.ReactorExecutor.run(ReactorExecutor.java:91)
	at reactor.core.scheduler.SchedulerTask.call(SchedulerTask.java:68)
	at reactor.core.scheduler.SchedulerTask.call(SchedulerTask.java:28)
	at java.base/java.util.concurrent.FutureTask.run$$$capture(FutureTask.java:264)
	at java.base/java.util.concurrent.FutureTask.run(FutureTask.java)
	at java.base/java.util.concurrent.ScheduledThreadPoolExecutor$ScheduledFutureTask.run(ScheduledThreadPoolExecutor.java:304)
	at java.base/java.util.concurrent.ThreadPoolExecutor.runWorker(ThreadPoolExecutor.java:1128)
	at java.base/java.util.concurrent.ThreadPoolExecutor$Worker.run(ThreadPoolExecutor.java:628)
	at java.base/java.lang.Thread.run(Thread.java:834)
14:37:26.665 [reactor-executor-1] INFO  com.azure.messaging.servicebus.implementation.ServiceBusConnectionProcessor - {"az.sdk.message":"Transient error occurred. Retrying.","exception":"An existing connection was forcibly closed by the remote host, errorContext[NAMESPACE: xxx.servicebus.windows.net. ERROR CONTEXT: N/A]","entityPath":"N/A","tryCount":0,"interval_ms":4511}
14:37:26.665 [reactor-executor-1] INFO  com.azure.core.amqp.implementation.ReactorConnection - {"az.sdk.message":"onConnectionShutdown. Shutting down.","connectionId":"MF_ac03fc_1676615833511","isTransient":false,"isInitiatedByClient":false,"shutdownMessage":"Finished processing pending tasks.","namespace":"xxx.servicebus.windows.net"}
14:37:31.193 [parallel-15] INFO  com.azure.messaging.servicebus.implementation.ServiceBusConnectionProcessor - {"az.sdk.message":"Requesting from upstream.","entityPath":"N/A","tryCount":0}
14:37:31.193 [parallel-15] INFO  com.azure.messaging.servicebus.implementation.ServiceBusConnectionProcessor - {"az.sdk.message":"Connection not requested, yet. Requesting one.","entityPath":"N/A"}
14:37:31.193 [parallel-15] INFO  com.azure.messaging.servicebus.implementation.ServiceBusConnectionProcessor - {"az.sdk.message":"Setting next AMQP channel.","entityPath":"N/A"}
14:37:31.193 [parallel-15] INFO  com.azure.core.amqp.implementation.ReactorConnection - {"az.sdk.message":"Creating and starting connection.","connectionId":"MF_f48e34_1676615833574","hostName":"xxx.servicebus.windows.net","port":5671}
14:37:31.193 [parallel-15] INFO  com.azure.core.amqp.implementation.ReactorExecutor - {"az.sdk.message":"Starting reactor.","connectionId":"MF_f48e34_1676615833574"}
14:37:31.193 [parallel-15] INFO  com.azure.messaging.servicebus.implementation.ServiceBusConnectionProcessor - {"az.sdk.message":"Next AMQP channel received.","entityPath":"N/A","subscriberId":"un_723ece_1676615847606"}
14:37:31.193 [reactor-executor-2] INFO  com.azure.core.amqp.implementation.handler.ConnectionHandler - {"az.sdk.message":"onConnectionInit","connectionId":"MF_f48e34_1676615833574","hostName":"xxx.servicebus.windows.net","namespace":"xxx.servicebus.windows.net"}
14:37:31.193 [reactor-executor-2] INFO  com.azure.core.amqp.implementation.handler.ReactorHandler - {"az.sdk.message":"reactor.onReactorInit","connectionId":"MF_f48e34_1676615833574"}
14:37:31.193 [reactor-executor-2] INFO  com.azure.core.amqp.implementation.handler.ConnectionHandler - {"az.sdk.message":"onConnectionLocalOpen","connectionId":"MF_f48e34_1676615833574","errorCondition":null,"errorDescription":null,"hostName":"xxx.servicebus.windows.net"}
14:37:31.193 [reactor-executor-2] INFO  com.azure.core.amqp.implementation.handler.ConnectionHandler - {"az.sdk.message":"onConnectionBound","connectionId":"MF_f48e34_1676615833574","hostName":"xxx.servicebus.windows.net","peerDetails":"xxx.servicebus.windows.net:5671"}
14:37:31.193 [reactor-executor-2] INFO  com.azure.core.amqp.implementation.handler.StrictTlsContextSpi - SSLv2Hello was an enabled protocol. Filtering out.
14:37:32.667 [reactor-executor-2] INFO  com.azure.core.amqp.implementation.handler.ConnectionHandler - {"az.sdk.message":"onConnectionRemoteOpen","connectionId":"MF_f48e34_1676615833574","hostName":"xxx.servicebus.windows.net","remoteContainer":"44f3f4caec8f4453bec212eeaab1d724_G21"}
14:37:32.667 [reactor-executor-2] INFO  com.azure.messaging.servicebus.implementation.ServiceBusConnectionProcessor - {"az.sdk.message":"Channel is now active.","entityPath":"N/A"}
14:37:32.971 [reactor-executor-2] INFO  com.azure.core.amqp.implementation.handler.SessionHandler - {"az.sdk.message":"onSessionRemoteOpen","connectionId":"MF_f48e34_1676615833574","sessionName":"testqueue","sessionIncCapacity":0,"sessionOutgoingWindow":2147483647}
14:37:32.971 [reactor-executor-2] INFO  com.azure.core.amqp.implementation.ReactorConnection - {"az.sdk.message":"Setting CBS channel.","connectionId":"MF_f48e34_1676615833574"}
14:37:33.253 [reactor-executor-2] INFO  com.azure.core.amqp.implementation.handler.SessionHandler - {"az.sdk.message":"onSessionRemoteOpen","connectionId":"MF_f48e34_1676615833574","sessionName":"cbs-session","sessionIncCapacity":0,"sessionOutgoingWindow":2147483647}
14:37:33.253 [reactor-executor-2] INFO  com.azure.core.amqp.implementation.ReactorConnection - {"az.sdk.message":"Emitting new response channel.","connectionId":"MF_f48e34_1676615833574","entityPath":"$cbs","linkName":"cbs"}
14:37:33.253 [reactor-executor-2] INFO  com.azure.core.amqp.implementation.AmqpChannelProcessor - {"az.sdk.message":"Setting next AMQP channel.","connectionId":"MF_f48e34_1676615833574","entityPath":"$cbs"}
14:37:33.253 [reactor-executor-2] INFO  com.azure.core.amqp.implementation.AmqpChannelProcessor - {"az.sdk.message":"Next AMQP channel received.","connectionId":"MF_f48e34_1676615833574","entityPath":"$cbs","subscriberId":"un_31c717_1676615852971"}
14:37:33.551 [reactor-executor-2] INFO  com.azure.core.amqp.implementation.handler.SendLinkHandler - {"az.sdk.message":"onLinkRemoteOpen","connectionId":"MF_f48e34_1676615833574","linkName":"cbs:sender","entityPath":"$cbs","remoteTarget":"Target{address='$cbs', durable=NONE, expiryPolicy=SESSION_END, timeout=0, dynamic=false, dynamicNodeProperties=null, capabilities=null}"}
14:37:33.551 [reactor-executor-2] INFO  com.azure.core.amqp.implementation.AmqpChannelProcessor - {"az.sdk.message":"Channel is now active.","connectionId":"MF_f48e34_1676615833574","entityPath":"$cbs"}
14:37:33.551 [reactor-executor-2] INFO  com.azure.core.amqp.implementation.handler.ReceiveLinkHandler - {"az.sdk.message":"onLinkRemoteOpen","connectionId":"MF_f48e34_1676615833574","entityPath":"$cbs","linkName":"cbs:receiver","remoteSource":"Source{address='$cbs', durable=NONE, expiryPolicy=SESSION_END, timeout=0, dynamic=false, dynamicNodeProperties=null, distributionMode=null, filter=null, defaultOutcome=null, outcomes=null, capabilities=null}"}
14:37:33.852 [reactor-executor-2] INFO  com.azure.core.amqp.implementation.ActiveClientTokenManager - {"az.sdk.message":"Scheduling refresh token task.","scopes":"amqp://xxx.servicebus.windows.net/testqueue"}
14:37:33.852 [reactor-executor-2] INFO  com.azure.core.amqp.implementation.ReactorSession - {"az.sdk.message":"Creating a new receiver link.","connectionId":"MF_f48e34_1676615833574","sessionName":"testqueue","linkName":"testqueue_398f29_1676615833589"}
14:37:33.852 [reactor-executor-2] INFO  com.azure.messaging.servicebus.implementation.ServiceBusReceiveLinkProcessor - {"az.sdk.message":"Setting next AMQP receive link.","linkName":"testqueue_398f29_1676615833589","entityPath":"testqueue"}
14:37:33.852 [reactor-executor-2] INFO  com.azure.core.amqp.implementation.ReactorSession - {"az.sdk.message":"Returning existing receive link.","connectionId":"MF_f48e34_1676615833574","linkName":"testqueue_398f29_1676615833589","entityPath":"testqueue"}
14:37:34.146 [reactor-executor-2] INFO  com.azure.core.amqp.implementation.handler.ReceiveLinkHandler - {"az.sdk.message":"onLinkRemoteOpen","connectionId":"MF_f48e34_1676615833574","entityPath":"testqueue","linkName":"testqueue_398f29_1676615833589","remoteSource":"Source{address='testqueue', durable=NONE, expiryPolicy=SESSION_END, timeout=0, dynamic=false, dynamicNodeProperties=null, distributionMode=null, filter=null, defaultOutcome=null, outcomes=null, capabilities=null}"}
Thread name [boundedElastic-3] - received message id [236], message sequence number [2045199] ,  message token [6f2547d9-92a6-4680-b9d1-81863199a830], message content [Hello world] 
Thread name [boundedElastic-4] - received message id [237], message sequence number [2045200] ,  message token [d60792fb-c6f1-4d49-aeaf-65bc9dcd5e11], message content [Hello world] 
Thread name [boundedElastic-5] - received message id [238], message sequence number [2045201] ,  message token [0e5a424e-ac46-444a-a7ba-da4405912c8a], message content [Hello world] 
Thread name [boundedElastic-6] - received message id [239], message sequence number [2045202] ,  message token [1ab89cd4-2d75-483e-ac1e-6704342e6af6], message content [Hello world] 
Thread name [boundedElastic-7] - received message id [240], message sequence number [2045203] ,  message token [0f3b8915-7655-4932-a1b3-bd986882bb96], message content [Hello world] 
Thread name [boundedElastic-8] - received message id [241], message sequence number [2045204] ,  message token [aa14dfaf-4bb4-4a19-90e5-9e8057df2a85], message content [Hello world] 
Thread name [boundedElastic-9] - received message id [242], message sequence number [2045205] ,  message token [4ca1a5ad-5efb-4360-ae90-3c1ee1ed60c3], message content [Hello world] 
Thread name [boundedElastic-3] - received message id [243], message sequence number [2045206] ,  message token [b63911fc-48de-438a-a7f1-91db6ed7a4b4], message content [Hello world] 
Thread name [boundedElastic-4] - received message id [244], message sequence number [2045207] ,  message token [48474465-d405-4b13-b9ee-50ba301f09a8], message content [Hello world] 
Thread name [boundedElastic-5] - received message id [245], message sequence number [2045208] ,  message token [6f74feb9-6136-4463-8f9a-ace1b91709ba], message content [Hello world] 
Thread name [boundedElastic-6] - received message id [246], message sequence number [2045209] ,  message token [56254911-d624-43c6-887f-d15b53aa9afe], message content [Hello world] 
Thread name [boundedElastic-7] - received message id [247], message sequence number [2045210] ,  message token [7d2e7f9e-c2e7-4daf-8df0-8065fb004432], message content [Hello world] 
Thread name [boundedElastic-8] - received message id [248], message sequence number [2045211] ,  message token [3965d1e6-5740-4bbb-b049-fe902050fbec], message content [Hello world] 
Thread name [boundedElastic-9] - received message id [224], message sequence number [2045187] ,  message token [a1f026cf-bef0-4650-b10a-6abd4b70355e], message content [Hello world] 
Thread name [boundedElastic-3] - received message id [225], message sequence number [2045188] ,  message token [4040405c-695d-4d9d-b46e-dbf4e103418a], message content [Hello world] 
Thread name [boundedElastic-4] - received message id [226], message sequence number [2045189] ,  message token [8eed1099-77fb-4ca8-a885-d3f11be63973], message content [Hello world] 
Thread name [boundedElastic-5] - received message id [233], message sequence number [2045196] ,  message token [8f7c12b8-3d20-4ac6-bfc2-529c8a508003], message content [Hello world] 
Thread name [boundedElastic-6] - received message id [234], message sequence number [2045197] ,  message token [c867e641-7d6b-48f5-a7a9-e731807c8ae7], message content [Hello world] 
Thread name [boundedElastic-7] - received message id [235], message sequence number [2045198] ,  message token [7f80b73b-9338-4491-aea5-6832228f923c], message content [Hello world] 